<?xml version="1.0" encoding="UTF-8"?>
<testng-results ignored="0" total="2" passed="2" failed="0" skipped="0">
  <reporter-output>
  </reporter-output>
  <suite started-at="2021-01-22T16:42:12 IST" name="Default suite" finished-at="2021-01-22T16:42:28 IST" duration-ms="16512">
    <groups>
    </groups>
    <test started-at="2021-01-22T16:42:12 IST" name="Default test" finished-at="2021-01-22T16:42:28 IST" duration-ms="16512">
      <class name="test.loginTest">
        <test-method is-config="true" signature="setUpTest()[pri:0, instance:test.loginTest@791f145a]" started-at="2021-01-22T16:42:04 IST" name="setUpTest" finished-at="2021-01-22T16:42:12 IST" duration-ms="7309" status="PASS">
          <reporter-output>
          </reporter-output>
        </test-method> <!-- setUpTest -->
        <test-method signature="test1(java.lang.String, java.lang.String)[pri:0, instance:test.loginTest@791f145a]" started-at="2021-01-22T16:42:13 IST" name="test1" data-provider="test1data" finished-at="2021-01-22T16:42:24 IST" duration-ms="10381" status="PASS">
          <params>
            <param index="0">
              <value>
                <![CDATA[John]]>
              </value>
            </param>
            <param index="1">
              <value>
                <![CDATA[john123]]>
              </value>
            </param>
          </params>
          <reporter-output>
          </reporter-output>
        </test-method> <!-- test1 -->
        <test-method signature="test1(java.lang.String, java.lang.String)[pri:0, instance:test.loginTest@791f145a]" started-at="2021-01-22T16:42:24 IST" name="test1" data-provider="test1data" finished-at="2021-01-22T16:42:28 IST" duration-ms="4304" status="PASS">
          <params>
            <param index="0">
              <value>
                <![CDATA[Shubham]]>
              </value>
            </param>
            <param index="1">
              <value>
                <![CDATA[admin321]]>
              </value>
            </param>
          </params>
          <reporter-output>
          </reporter-output>
        </test-method> <!-- test1 -->
        <test-method is-config="true" signature="tearDownTest()[pri:0, instance:test.loginTest@791f145a]" started-at="2021-01-22T16:42:29 IST" name="tearDownTest" finished-at="2021-01-22T16:42:30 IST" duration-ms="1148" status="PASS">
          <reporter-output>
          </reporter-output>
        </test-method> <!-- tearDownTest -->
      </class> <!-- test.loginTest -->
    </test> <!-- Default test -->
  </suite> <!-- Default suite -->
</testng-results>
